#
# A fatal error has been detected by the Java Runtime Environment:
#
#  EXCEPTION_ACCESS_VIOLATION (0xc0000005) at pc=0x000000005b72226b, pid=5280, tid=6808
#
# JRE version: Java(TM) SE Runtime Environment (7.0_40-b43) (build 1.7.0_40-b43)
# Java VM: Java HotSpot(TM) 64-Bit Server VM (24.0-b56 mixed mode windows-amd64 compressed oops)
# Problematic frame:
# V  [jvm.dll+0x14226b]
#
# Failed to write core dump. Minidumps are not enabled by default on client versions of Windows
#
# If you would like to submit a bug report, please visit:
#   http://bugreport.sun.com/bugreport/crash.jsp
#

---------------  T H R E A D  ---------------

Current thread (0x0000000010c1c000):  JavaThread "JDWP Transport Listener: dt_socket" daemon [_thread_in_vm, id=6808, stack(0x0000000012970000,0x0000000012a70000)]

siginfo: ExceptionCode=0xc0000005, reading address 0x00000008f05a5d30

Registers:
RAX=0x0000000012a6f301, RBX=0x0000000010c1c000, RCX=0x00000008f05a5d30, RDX=0x0000000000000000
RSP=0x0000000012a6f330, RBP=0x00000008f05a5d30, RSI=0x0000000012a6f448, RDI=0x0000000002428e70
R8 =0x0000000010c1c000, R9 =0x0002b7d003620034, R10=0x0000000000000000, R11=0x00000000153c5f22
R12=0x0000000000000000, R13=0x0000000001da0e68, R14=0x0000000000000000, R15=0x0000000000000000
RIP=0x000000005b72226b, EFLAGS=0x0000000000010206

Top of Stack: (sp=0x0000000012a6f330)
0x0000000012a6f330:   0000000010c1c000 00000000159239e0
0x0000000012a6f340:   0000000012a6f3f8 000000005b8c0f29
0x0000000012a6f350:   0000000010c1c000 000000005b8dead2
0x0000000012a6f360:   0000000000000000 000000005bf48e89
0x0000000012a6f370:   0000000014bf25a0 000000005bf5265a
0x0000000012a6f380:   0000000010c1c000 0000000000000000
0x0000000012a6f390:   0000000000000000 0000000000000000
0x0000000012a6f3a0:   00000008f05a5d30 000000005bf51751
0x0000000012a6f3b0:   0000000012a6f448 0000000012a6f420
0x0000000012a6f3c0:   0000000000000001 0000000014bf25a0
0x0000000012a6f3d0:   00000008f05a5d30 000000005bf353b3
0x0000000012a6f3e0:   0000000012a6f510 0000000000000001
0x0000000012a6f3f0:   0000000000000001 0000000014bf25a0
0x0000000012a6f400:   0000000000000002 0000000000000000
0x0000000012a6f410:   0000000000000000 0000000000000000
0x0000000012a6f420:   0000000000000001 000000005bf35571 

Instructions: (pc=0x000000005b72226b)
0x000000005b72224b:   48 8b 5c 24 30 48 89 47 18 48 83 c4 20 5f c3 cc
0x000000005b72225b:   cc cc cc cc cc 40 53 48 83 ec 20 48 85 c9 74 54
0x000000005b72226b:   48 8b 19 48 85 db 74 4c 48 b8 fe fe fe fe fe fe
0x000000005b72227b:   fe fe 48 3b d8 74 3d 80 3d af 89 60 00 00 74 15 


Register to memory mapping:

RAX=0x0000000012a6f301 is pointing into the stack for thread: 0x0000000010c1c000
RBX=0x0000000010c1c000 is a thread
RCX=0x00000008f05a5d30 is an unknown value
RDX=0x0000000000000000 is an unknown value
RSP=0x0000000012a6f330 is pointing into the stack for thread: 0x0000000010c1c000
RBP=0x00000008f05a5d30 is an unknown value
RSI=0x0000000012a6f448 is pointing into the stack for thread: 0x0000000010c1c000
RDI=0x0000000002428e70 is an unknown value
R8 =0x0000000010c1c000 is a thread
R9 =0x0002b7d003620034 is an unknown value
R10=0x0000000000000000 is an unknown value
R11=0x00000000153c5f22 is an unknown value
R12=0x0000000000000000 is an unknown value
R13=0x0000000001da0e68 is an unknown value
R14=0x0000000000000000 is an unknown value
R15=0x0000000000000000 is an unknown value


Stack: [0x0000000012970000,0x0000000012a70000],  sp=0x0000000012a6f330,  free space=1020k
Native frames: (J=compiled Java code, j=interpreted, Vv=VM code, C=native code)
V  [jvm.dll+0x14226b]

[error occurred during error reporting (printing native stack), id 0xc0000005]


---------------  P R O C E S S  ---------------

Java Threads: ( => current thread )
  0x0000000014dc5800 JavaThread "Map Status Collector" daemon [_thread_blocked, id=4560, stack(0x0000000021280000,0x0000000021380000)]
  0x0000000014dc6000 JavaThread "Timer-1" [_thread_blocked, id=6788, stack(0x0000000021070000,0x0000000021170000)]
  0x0000000014dc7000 JavaThread "pool-1-thread-1" [_thread_blocked, id=6152, stack(0x0000000020f70000,0x0000000021070000)]
  0x0000000014dc4800 JavaThread "DestroyJavaVM" [_thread_blocked, id=7044, stack(0x0000000002490000,0x0000000002590000)]
  0x0000000014dc4000 JavaThread "pool-7-thread-1" [_thread_blocked, id=1744, stack(0x0000000020bc0000,0x0000000020cc0000)]
  0x0000000014dc2800 JavaThread "Timer-0" daemon [_thread_blocked, id=3496, stack(0x000000001df80000,0x000000001e080000)]
  0x0000000014dc1000 JavaThread "kendzi3d.layer.refreash" [_thread_blocked, id=6512, stack(0x000000001bc30000,0x000000001bd30000)]
  0x0000000014dbe800 JavaThread "main-SharedResourceRunner" daemon [_thread_blocked, id=5404, stack(0x000000001a590000,0x000000001a690000)]
  0x0000000014dbe000 JavaThread "Swing-Shell" daemon [_thread_blocked, id=3900, stack(0x0000000013f10000,0x0000000014010000)]
  0x0000000014dbc800 JavaThread "com.google.inject.internal.util.$Finalizer" daemon [_thread_blocked, id=200, stack(0x0000000013b70000,0x0000000013c70000)]
  0x0000000014dbb800 JavaThread "pool-2-thread-1" [_thread_blocked, id=1764, stack(0x00000000162f0000,0x00000000163f0000)]
  0x0000000014dbb000 JavaThread "pool-5-thread-5" [_thread_blocked, id=3400, stack(0x0000000018b50000,0x0000000018c50000)]
  0x0000000014dba000 JavaThread "pool-5-thread-4" [_thread_blocked, id=4860, stack(0x0000000015b60000,0x0000000015c60000)]
  0x0000000014db9800 JavaThread "pool-5-thread-3" [_thread_blocked, id=1428, stack(0x0000000016770000,0x0000000016870000)]
  0x0000000016e1e800 JavaThread "pool-5-thread-2" [_thread_blocked, id=6920, stack(0x00000000165e0000,0x00000000166e0000)]
  0x0000000014e08800 JavaThread "pool-5-thread-1" [_thread_blocked, id=5876, stack(0x00000000164d0000,0x00000000165d0000)]
  0x0000000017166800 JavaThread "TimerQueue" daemon [_thread_blocked, id=5624, stack(0x0000000018910000,0x0000000018a10000)]
  0x0000000014a5e800 JavaThread "AWT-EventQueue-0" [_thread_blocked, id=2860, stack(0x0000000015de0000,0x0000000015ee0000)]
  0x0000000014848000 JavaThread "AWT-Shutdown" [_thread_blocked, id=6500, stack(0x0000000015ce0000,0x0000000015de0000)]
  0x0000000010dd4000 JavaThread "AWT-Windows" daemon [_thread_in_native, id=5088, stack(0x00000000139b0000,0x0000000013ab0000)]
  0x0000000010d9f800 JavaThread "Java2D Disposer" daemon [_thread_blocked, id=1224, stack(0x00000000135e0000,0x00000000136e0000)]
  0x0000000010d8b000 JavaThread "File Watcher" [_thread_blocked, id=5272, stack(0x0000000013400000,0x0000000013500000)]
  0x0000000010d88000 JavaThread "Thread-0" daemon [_thread_in_native, id=6328, stack(0x0000000013280000,0x0000000013380000)]
  0x0000000010c48800 JavaThread "Service Thread" daemon [_thread_blocked, id=6316, stack(0x0000000012f30000,0x0000000013030000)]
  0x0000000010c48000 JavaThread "C2 CompilerThread1" daemon [_thread_blocked, id=4776, stack(0x0000000013050000,0x0000000013150000)]
  0x0000000010c3d000 JavaThread "C2 CompilerThread0" daemon [_thread_blocked, id=6352, stack(0x0000000012710000,0x0000000012810000)]
  0x0000000010c28000 JavaThread "JDWP Command Reader" daemon [_thread_in_native, id=7096, stack(0x0000000012db0000,0x0000000012eb0000)]
  0x0000000010c26800 JavaThread "JDWP Event Helper Thread" daemon [_thread_blocked, id=5528, stack(0x0000000012be0000,0x0000000012ce0000)]
=>0x0000000010c1c000 JavaThread "JDWP Transport Listener: dt_socket" daemon [_thread_in_vm, id=6808, stack(0x0000000012970000,0x0000000012a70000)]
  0x0000000001e0f800 JavaThread "Attach Listener" daemon [_thread_blocked, id=4112, stack(0x0000000012170000,0x0000000012270000)]
  0x0000000001e0e800 JavaThread "Signal Dispatcher" daemon [_thread_blocked, id=672, stack(0x0000000012000000,0x0000000012100000)]
  0x000000000fb65000 JavaThread "Finalizer" daemon [_thread_blocked, id=6348, stack(0x0000000011e20000,0x0000000011f20000)]
  0x000000000fb5e800 JavaThread "Reference Handler" daemon [_thread_blocked, id=1536, stack(0x0000000011b70000,0x0000000011c70000)]

Other Threads:
  0x000000000fb5b800 VMThread [stack: 0x0000000011ca0000,0x0000000011da0000] [id=5700]
  0x0000000010ca0800 WatcherThread [stack: 0x0000000013170000,0x0000000013270000] [id=1276]

VM state:not at safepoint (normal execution)

VM Mutex/Monitor currently owned by a thread: None

Heap
 PSYoungGen      total 280064K, used 131738K [0x00000007abb00000, 0x00000007c8480000, 0x0000000800000000)
  eden space 260096K, 42% used [0x00000007abb00000,0x00000007b282e650,0x00000007bb900000)
  from space 19968K, 99% used [0x00000007bb900000,0x00000007bcc78490,0x00000007bcc80000)
  to   space 26112K, 0% used [0x00000007c6b00000,0x00000007c6b00000,0x00000007c8480000)
 ParOldGen       total 172544K, used 27185K [0x0000000703200000, 0x000000070da80000, 0x00000007abb00000)
  object space 172544K, 15% used [0x0000000703200000,0x0000000704c8c430,0x000000070da80000)
 PSPermGen       total 47616K, used 47290K [0x00000006fe000000, 0x0000000700e80000, 0x0000000703200000)
  object space 47616K, 99% used [0x00000006fe000000,0x0000000700e2e8a0,0x0000000700e80000)

Card table byte_map: [0x0000000005620000,0x0000000005e40000] byte_map_base: 0x0000000001e30000

Polling page: 0x0000000000320000

Code Cache  [0x0000000002620000, 0x0000000002a90000, 0x0000000005620000)
 total_blobs=2199 nmethods=1224 adapters=934 free_code_cache=44764Kb largest_free_block=45727040

Compilation events (10 events):
Event: 145.657 Thread 0x0000000010c3d000 nmethod 1350 0x0000000002a7ba10 code [0x0000000002a7bde0, 0x0000000002a80578]
Event: 145.657 Thread 0x0000000010c3d000 1355             java.awt.geom.Path2D$Float$CopyIterator::currentSegment (57 bytes)
Event: 145.660 Thread 0x0000000010c3d000 nmethod 1355 0x000000000292df90 code [0x000000000292e0e0, 0x000000000292e438]
Event: 145.660 Thread 0x0000000010c3d000 1356             java.awt.geom.Path2D$Iterator::next (35 bytes)
Event: 145.661 Thread 0x0000000010c3d000 nmethod 1356 0x000000000292c2d0 code [0x000000000292c420, 0x000000000292c558]
Event: 145.661 Thread 0x0000000010c3d000 1357             sun.awt.geom.Order1::XforY (72 bytes)
Event: 145.662 Thread 0x0000000010c3d000 nmethod 1357 0x0000000002a38c50 code [0x0000000002a38d80, 0x0000000002a38e38]
Event: 145.662 Thread 0x0000000010c3d000 1358  s          java.util.Vector::add (39 bytes)
Event: 145.664 Thread 0x0000000010c3d000 nmethod 1358 0x000000000292d7d0 code [0x000000000292d920, 0x000000000292dd88]
Event: 145.666 Thread 0x0000000010c48000 nmethod 1354 0x0000000002a78590 code [0x0000000002a78920, 0x0000000002a7a350]

GC Heap History (10 events):
Event: 6.721 GC heap before
{Heap before GC invocations=5 (full 0):
 PSYoungGen      total 75776K, used 75774K [0x00000007abb00000, 0x00000007b4f00000, 0x0000000800000000)
  eden space 65024K, 100% used [0x00000007abb00000,0x00000007afa80000,0x00000007afa80000)
  from space 10752K, 99% used [0x00000007b0500000,0x00000007b0f7faf0,0x00000007b0f80000)
  to   space 10752K, 0% used [0x00000007afa80000,0x00000007afa80000,0x00000007b0500000)
 ParOldGen       total 172544K, used 4244K [0x0000000703200000, 0x000000070da80000, 0x00000007abb00000)
  object space 172544K, 2% used [0x0000000703200000,0x0000000703625148,0x000000070da80000)
 PSPermGen       total 29184K, used 29003K [0x00000006fe000000, 0x00000006ffc80000, 0x0000000703200000)
  object space 29184K, 99% used [0x00000006fe000000,0x00000006ffc52c10,0x00000006ffc80000)
Event: 6.735 GC heap after
Heap after GC invocations=5 (full 0):
 PSYoungGen      total 75776K, used 10742K [0x00000007abb00000, 0x00000007b6400000, 0x0000000800000000)
  eden space 65024K, 0% used [0x00000007abb00000,0x00000007abb00000,0x00000007afa80000)
  from space 10752K, 99% used [0x00000007afa80000,0x00000007b04fdad0,0x00000007b0500000)
  to   space 21504K, 0% used [0x00000007b4f00000,0x00000007b4f00000,0x00000007b6400000)
 ParOldGen       total 172544K, used 12738K [0x0000000703200000, 0x000000070da80000, 0x00000007abb00000)
  object space 172544K, 7% used [0x0000000703200000,0x0000000703e70978,0x000000070da80000)
 PSPermGen       total 29184K, used 29003K [0x00000006fe000000, 0x00000006ffc80000, 0x0000000703200000)
  object space 29184K, 99% used [0x00000006fe000000,0x00000006ffc52c10,0x00000006ffc80000)
}
Event: 7.076 GC heap before
{Heap before GC invocations=6 (full 0):
 PSYoungGen      total 75776K, used 75766K [0x00000007abb00000, 0x00000007b6400000, 0x0000000800000000)
  eden space 65024K, 100% used [0x00000007abb00000,0x00000007afa80000,0x00000007afa80000)
  from space 10752K, 99% used [0x00000007afa80000,0x00000007b04fdad0,0x00000007b0500000)
  to   space 21504K, 0% used [0x00000007b4f00000,0x00000007b4f00000,0x00000007b6400000)
 ParOldGen       total 172544K, used 12738K [0x0000000703200000, 0x000000070da80000, 0x00000007abb00000)
  object space 172544K, 7% used [0x0000000703200000,0x0000000703e70978,0x000000070da80000)
 PSPermGen       total 31232K, used 30993K [0x00000006fe000000, 0x00000006ffe80000, 0x0000000703200000)
  object space 31232K, 99% used [0x00000006fe000000,0x00000006ffe444e8,0x00000006ffe80000)
Event: 7.088 GC heap after
Heap after GC invocations=6 (full 0):
 PSYoungGen      total 151552K, used 14030K [0x00000007abb00000, 0x00000007b6400000, 0x0000000800000000)
  eden space 130048K, 0% used [0x00000007abb00000,0x00000007abb00000,0x00000007b3a00000)
  from space 21504K, 65% used [0x00000007b4f00000,0x00000007b5cb3bf0,0x00000007b6400000)
  to   space 21504K, 0% used [0x00000007b3a00000,0x00000007b3a00000,0x00000007b4f00000)
 ParOldGen       total 172544K, used 12746K [0x0000000703200000, 0x000000070da80000, 0x00000007abb00000)
  object space 172544K, 7% used [0x0000000703200000,0x0000000703e72978,0x000000070da80000)
 PSPermGen       total 31232K, used 30993K [0x00000006fe000000, 0x00000006ffe80000, 0x0000000703200000)
  object space 31232K, 99% used [0x00000006fe000000,0x00000006ffe444e8,0x00000006ffe80000)
}
Event: 7.416 GC heap before
{Heap before GC invocations=7 (full 0):
 PSYoungGen      total 151552K, used 144078K [0x00000007abb00000, 0x00000007b6400000, 0x0000000800000000)
  eden space 130048K, 100% used [0x00000007abb00000,0x00000007b3a00000,0x00000007b3a00000)
  from space 21504K, 65% used [0x00000007b4f00000,0x00000007b5cb3bf0,0x00000007b6400000)
  to   space 21504K, 0% used [0x00000007b3a00000,0x00000007b3a00000,0x00000007b4f00000)
 ParOldGen       total 172544K, used 12746K [0x0000000703200000, 0x000000070da80000, 0x00000007abb00000)
  object space 172544K, 7% used [0x0000000703200000,0x0000000703e72978,0x000000070da80000)
 PSPermGen       total 31232K, used 31006K [0x00000006fe000000, 0x00000006ffe80000, 0x0000000703200000)
  object space 31232K, 99% used [0x00000006fe000000,0x00000006ffe47be8,0x00000006ffe80000)
Event: 7.427 GC heap after
Heap after GC invocations=7 (full 0):
 PSYoungGen      total 151552K, used 10816K [0x00000007abb00000, 0x00000007be100000, 0x0000000800000000)
  eden space 130048K, 0% used [0x00000007abb00000,0x00000007abb00000,0x00000007b3a00000)
  from space 21504K, 50% used [0x00000007b3a00000,0x00000007b4490020,0x00000007b4f00000)
  to   space 20480K, 0% used [0x00000007bcd00000,0x00000007bcd00000,0x00000007be100000)
 ParOldGen       total 172544K, used 15477K [0x0000000703200000, 0x000000070da80000, 0x00000007abb00000)
  object space 172544K, 8% used [0x0000000703200000,0x000000070411d5a8,0x000000070da80000)
 PSPermGen       total 31232K, used 31006K [0x00000006fe000000, 0x00000006ffe80000, 0x0000000703200000)
  object space 31232K, 99% used [0x00000006fe000000,0x00000006ffe47be8,0x00000006ffe80000)
}
Event: 7.757 GC heap before
{Heap before GC invocations=8 (full 0):
 PSYoungGen      total 151552K, used 140864K [0x00000007abb00000, 0x00000007be100000, 0x0000000800000000)
  eden space 130048K, 100% used [0x00000007abb00000,0x00000007b3a00000,0x00000007b3a00000)
  from space 21504K, 50% used [0x00000007b3a00000,0x00000007b4490020,0x00000007b4f00000)
  to   space 20480K, 0% used [0x00000007bcd00000,0x00000007bcd00000,0x00000007be100000)
 ParOldGen       total 172544K, used 15477K [0x0000000703200000, 0x000000070da80000, 0x00000007abb00000)
  object space 172544K, 8% used [0x0000000703200000,0x000000070411d5a8,0x000000070da80000)
 PSPermGen       total 31232K, used 31010K [0x00000006fe000000, 0x00000006ffe80000, 0x0000000703200000)
  object space 31232K, 99% used [0x00000006fe000000,0x00000006ffe48a30,0x00000006ffe80000)
Event: 7.765 GC heap after
Heap after GC invocations=8 (full 0):
 PSYoungGen      total 279552K, used 8832K [0x00000007abb00000, 0x00000007be000000, 0x0000000800000000)
  eden space 260096K, 0% used [0x00000007abb00000,0x00000007abb00000,0x00000007bb900000)
  from space 19456K, 45% used [0x00000007bcd00000,0x00000007bd5a0000,0x00000007be000000)
  to   space 19968K, 0% used [0x00000007bb900000,0x00000007bb900000,0x00000007bcc80000)
 ParOldGen       total 172544K, used 18473K [0x0000000703200000, 0x000000070da80000, 0x00000007abb00000)
  object space 172544K, 10% used [0x0000000703200000,0x000000070440a438,0x000000070da80000)
 PSPermGen       total 31232K, used 31010K [0x00000006fe000000, 0x00000006ffe80000, 0x0000000703200000)
  object space 31232K, 99% used [0x00000006fe000000,0x00000006ffe48a30,0x00000006ffe80000)
}
Event: 11.471 GC heap before
{Heap before GC invocations=9 (full 0):
 PSYoungGen      total 279552K, used 268928K [0x00000007abb00000, 0x00000007be000000, 0x0000000800000000)
  eden space 260096K, 100% used [0x00000007abb00000,0x00000007bb900000,0x00000007bb900000)
  from space 19456K, 45% used [0x00000007bcd00000,0x00000007bd5a0000,0x00000007be000000)
  to   space 19968K, 0% used [0x00000007bb900000,0x00000007bb900000,0x00000007bcc80000)
 ParOldGen       total 172544K, used 18473K [0x0000000703200000, 0x000000070da80000, 0x00000007abb00000)
  object space 172544K, 10% used [0x0000000703200000,0x000000070440a438,0x000000070da80000)
 PSPermGen       total 41984K, used 41872K [0x00000006fe000000, 0x0000000700900000, 0x0000000703200000)
  object space 41984K, 99% used [0x00000006fe000000,0x00000007008e4050,0x0000000700900000)
Event: 11.486 GC heap after
Heap after GC invocations=9 (full 0):
 PSYoungGen      total 280064K, used 19937K [0x00000007abb00000, 0x00000007c8480000, 0x0000000800000000)
  eden space 260096K, 0% used [0x00000007abb00000,0x00000007abb00000,0x00000007bb900000)
  from space 19968K, 99% used [0x00000007bb900000,0x00000007bcc78490,0x00000007bcc80000)
  to   space 26112K, 0% used [0x00000007c6b00000,0x00000007c6b00000,0x00000007c8480000)
 ParOldGen       total 172544K, used 27185K [0x0000000703200000, 0x000000070da80000, 0x00000007abb00000)
  object space 172544K, 15% used [0x0000000703200000,0x0000000704c8c430,0x000000070da80000)
 PSPermGen       total 41984K, used 41872K [0x00000006fe000000, 0x0000000700900000, 0x0000000703200000)
  object space 41984K, 99% used [0x00000006fe000000,0x00000007008e4050,0x0000000700900000)
}

Deoptimization events (10 events):
Event: 145.553 Thread 0x0000000014a5e800 Uncommon trap: reason=class_check action=maybe_recompile pc=0x000000000285f9c0 method=sun.java2d.loops.Blit$GeneralMaskBlit.Blit(Lsun/java2d/SurfaceData;Lsun/java2d/SurfaceData;Ljava/awt/Composite;Lsun/java2d/pipe/Region;IIIIII)V @ 24
Event: 145.553 Thread 0x0000000014a5e800 Uncommon trap: reason=class_check action=maybe_recompile pc=0x000000000285f9c0 method=sun.java2d.loops.Blit$GeneralMaskBlit.Blit(Lsun/java2d/SurfaceData;Lsun/java2d/SurfaceData;Ljava/awt/Composite;Lsun/java2d/pipe/Region;IIIIII)V @ 24
Event: 145.571 Thread 0x0000000014a5e800 Uncommon trap: reason=unreached action=reinterpret pc=0x000000000292fe50 method=java.awt.TexturePaintContext.getRaster(IIII)Ljava/awt/image/Raster; @ 4
Event: 145.624 Thread 0x0000000014a5e800 Uncommon trap: reason=unreached action=reinterpret pc=0x0000000002a423cc method=java.awt.TexturePaintContext.getRaster(IIII)Ljava/awt/image/Raster; @ 4
Event: 311.554 Thread 0x0000000014dc4000 Uncommon trap: reason=class_check action=maybe_recompile pc=0x00000000028c2f1c method=java.util.regex.Pattern$Ques.match(Ljava/util/regex/Matcher;ILjava/lang/CharSequence;)Z @ 39
Event: 311.555 Thread 0x0000000014dc4000 Uncommon trap: reason=unhandled action=none pc=0x00000000029ffae4 method=java.lang.Integer.parseInt(Ljava/lang/String;I)I @ 204
Event: 311.734 Thread 0x0000000014dc4000 Uncommon trap: reason=unhandled action=none pc=0x00000000029ffae4 method=java.lang.Integer.parseInt(Ljava/lang/String;I)I @ 204
Event: 311.793 Thread 0x0000000014dc4000 Uncommon trap: reason=class_check action=maybe_recompile pc=0x000000000283de38 method=java.io.InputStream.read([B)I @ 5
Event: 311.878 Thread 0x0000000014dc4000 Uncommon trap: reason=bimorphic action=maybe_recompile pc=0x00000000028bc0ac method=java.util.zip.InflaterInputStream.read([BII)I @ 100
Event: 311.878 Thread 0x0000000014dc4000 Uncommon trap: reason=class_check action=maybe_recompile pc=0x000000000276a32c method=com.sun.org.apache.xerces.internal.impl.XMLDocumentFragmentScannerImpl.scanDocument(Z)Z @ 9

Internal exceptions (10 events):
Event: 14.676 Thread 0x0000000014a5e800 Threw 0x00000007b1d349d8 at C:\jdk7u2_64p\jdk7u40\hotspot\src\share\vm\prims\jvm.cpp:1244
Event: 14.677 Thread 0x0000000014a5e800 Threw 0x00000007b1d4da90 at C:\jdk7u2_64p\jdk7u40\hotspot\src\share\vm\prims\jvm.cpp:1244
Event: 14.678 Thread 0x0000000014a5e800 Threw 0x00000007b1d58ec8 at C:\jdk7u2_64p\jdk7u40\hotspot\src\share\vm\prims\jvm.cpp:1244
Event: 14.680 Thread 0x0000000014a5e800 Threw 0x00000007b1d64260 at C:\jdk7u2_64p\jdk7u40\hotspot\src\share\vm\prims\jvm.cpp:1244
Event: 14.682 Thread 0x0000000014a5e800 Threw 0x00000007b1d6b0d8 at C:\jdk7u2_64p\jdk7u40\hotspot\src\share\vm\prims\jvm.cpp:1244
Event: 14.682 Thread 0x0000000014a5e800 Threw 0x00000007b1d6d8d8 at C:\jdk7u2_64p\jdk7u40\hotspot\src\share\vm\prims\jvm.cpp:1244
Event: 145.571 Thread 0x0000000014a5e800 Implicit null exception at 0x000000000292ea53 to 0x000000000292fdb9
Event: 145.602 Thread 0x0000000014a5e800 Threw 0x00000007b22cac40 at C:\jdk7u2_64p\jdk7u40\hotspot\src\share\vm\prims\jvm.cpp:1244
Event: 145.604 Thread 0x0000000014a5e800 Threw 0x00000007b22dd050 at C:\jdk7u2_64p\jdk7u40\hotspot\src\share\vm\prims\jvm.cpp:1244
Event: 145.624 Thread 0x0000000014a5e800 Implicit null exception at 0x0000000002a41eed to 0x0000000002a423a9

Events (10 events):
Event: 311.878 Thread 0x0000000014dc4000 Uncommon trap: trap_request=0xffffffc6 fr.pc=0x00000000028bc0ac
Event: 311.878 Thread 0x0000000014dc4000 DEOPT PACKING pc=0x00000000028bc0ac sp=0x0000000020cbe8a0
Event: 311.878 Thread 0x0000000014dc4000 DEOPT UNPACKING pc=0x00000000026575a4 sp=0x0000000020cbe888 mode 2
Event: 311.878 Thread 0x0000000014dc4000 Uncommon trap: trap_request=0xffffffde fr.pc=0x000000000276a32c
Event: 311.878 Thread 0x0000000014dc4000 DEOPT PACKING pc=0x000000000276a32c sp=0x0000000020cbeba0
Event: 311.878 Thread 0x0000000014dc4000 DEOPT UNPACKING pc=0x00000000026575a4 sp=0x0000000020cbeb60 mode 2
Event: 311.880 Thread 0x0000000014dc4000 DEOPT PACKING pc=0x00000000027c0650 sp=0x0000000020cbeab0
Event: 311.880 Thread 0x0000000014dc4000 DEOPT UNPACKING pc=0x00000000026592b9 sp=0x0000000020cbe7d0 mode 1
Event: 543.229 Executing VM operation: RedefineClasses
Event: 543.242 Executing VM operation: RedefineClasses done


Dynamic libraries:
0x000000013fc80000 - 0x000000013fcb3000 	C:\Program Files\Java\jdk1.7.0_40\bin\javaw.exe
0x0000000077b00000 - 0x0000000077ca9000 	C:\Windows\SYSTEM32\ntdll.dll
0x00000000778e0000 - 0x00000000779ff000 	C:\Windows\system32\kernel32.dll
0x000007fefdc90000 - 0x000007fefdcfc000 	C:\Windows\system32\KERNELBASE.dll
0x000007feff380000 - 0x000007feff45b000 	C:\Windows\system32\ADVAPI32.dll
0x000007feff5e0000 - 0x000007feff67f000 	C:\Windows\system32\msvcrt.dll
0x000007fefedd0000 - 0x000007fefedef000 	C:\Windows\SYSTEM32\sechost.dll
0x000007fefeca0000 - 0x000007fefedcd000 	C:\Windows\system32\RPCRT4.dll
0x0000000077a00000 - 0x0000000077afa000 	C:\Windows\system32\USER32.dll
0x000007fefef10000 - 0x000007fefef77000 	C:\Windows\system32\GDI32.dll
0x000007feff8e0000 - 0x000007feff8ee000 	C:\Windows\system32\LPK.dll
0x000007feff080000 - 0x000007feff149000 	C:\Windows\system32\USP10.dll
0x000007fefc330000 - 0x000007fefc524000 	C:\Windows\WinSxS\amd64_microsoft.windows.common-controls_6595b64144ccf1df_6.0.7601.17514_none_fa396087175ac9ac\COMCTL32.dll
0x000007feff000000 - 0x000007feff071000 	C:\Windows\system32\SHLWAPI.dll
0x000007fefdee0000 - 0x000007fefdf0e000 	C:\Windows\system32\IMM32.DLL
0x000007fefee00000 - 0x000007fefef09000 	C:\Windows\system32\MSCTF.dll
0x000000005bdb0000 - 0x000000005be81000 	C:\Program Files\Java\jdk1.7.0_40\jre\bin\msvcr100.dll
0x000000005b5e0000 - 0x000000005bda9000 	C:\Program Files\Java\jdk1.7.0_40\jre\bin\server\jvm.dll
0x000007fef9a40000 - 0x000007fef9a49000 	C:\Windows\system32\WSOCK32.dll
0x000007feff720000 - 0x000007feff76d000 	C:\Windows\system32\WS2_32.dll
0x000007fefedf0000 - 0x000007fefedf8000 	C:\Windows\system32\NSI.dll
0x000007fefb920000 - 0x000007fefb95b000 	C:\Windows\system32\WINMM.dll
0x0000000077cc0000 - 0x0000000077cc7000 	C:\Windows\system32\PSAPI.DLL
0x000000005e7d0000 - 0x000000005e7df000 	C:\Program Files\Java\jdk1.7.0_40\jre\bin\verify.dll
0x000000005c840000 - 0x000000005c868000 	C:\Program Files\Java\jdk1.7.0_40\jre\bin\java.dll
0x000000005bf30000 - 0x000000005bf65000 	C:\Program Files\Java\jdk1.7.0_40\jre\bin\jdwp.dll
0x000000005ebf0000 - 0x000000005ebf8000 	C:\Program Files\Java\jdk1.7.0_40\jre\bin\npt.dll
0x000000005d9d0000 - 0x000000005d9e5000 	C:\Program Files\Java\jdk1.7.0_40\jre\bin\zip.dll
0x000000005d9c0000 - 0x000000005d9c9000 	C:\Program Files\Java\jdk1.7.0_40\jre\bin\dt_socket.dll
0x000007fefb7d0000 - 0x000007fefb7e5000 	C:\Windows\system32\NLAapi.dll
0x000007fef9e40000 - 0x000007fef9e55000 	C:\Windows\system32\napinsp.dll
0x000007fef9e60000 - 0x000007fef9e79000 	C:\Windows\system32\pnrpnsp.dll
0x000007fefd0e0000 - 0x000007fefd135000 	C:\Windows\System32\mswsock.dll
0x000007fefcf60000 - 0x000007fefcfbb000 	C:\Windows\system32\DNSAPI.dll
0x000007fef9df0000 - 0x000007fef9dfb000 	C:\Windows\System32\winrnr.dll
0x000007fefb600000 - 0x000007fefb627000 	C:\Windows\system32\IPHLPAPI.DLL
0x000007fefb5f0000 - 0x000007fefb5fb000 	C:\Windows\system32\WINNSI.DLL
0x000007fefb240000 - 0x000007fefb293000 	C:\Windows\System32\fwpuclnt.dll
0x000007fefab90000 - 0x000007fefab98000 	C:\Windows\system32\rasadhlp.dll
0x000007fefcaf0000 - 0x000007fefcaf7000 	C:\Windows\System32\wshtcpip.dll
0x000000005bf10000 - 0x000000005bf29000 	C:\Program Files\Java\jdk1.7.0_40\jre\bin\net.dll
0x000007fefd0d0000 - 0x000007fefd0d7000 	C:\Windows\System32\wship6.dll
0x000000005bef0000 - 0x000000005bf01000 	C:\Program Files\Java\jdk1.7.0_40\jre\bin\nio.dll
0x000000005b440000 - 0x000000005b5d5000 	C:\Program Files\Java\jdk1.7.0_40\jre\bin\awt.dll
0x000007feff500000 - 0x000007feff5d7000 	C:\Windows\system32\OLEAUT32.dll
0x000007feff950000 - 0x000007feffb53000 	C:\Windows\system32\ole32.dll
0x000007fefc2d0000 - 0x000007fefc326000 	C:\Windows\system32\uxtheme.dll
0x000007fefbb50000 - 0x000007fefbb68000 	C:\Windows\system32\dwmapi.dll
0x000007fefd7e0000 - 0x000007fefd7ef000 	C:\Windows\system32\CRYPTBASE.dll
0x000007fefdf10000 - 0x000007fefec98000 	C:\Windows\system32\SHELL32.dll
0x000007fefd140000 - 0x000007fefd157000 	C:\Windows\system32\CRYPTSP.dll
0x000007fefce40000 - 0x000007fefce87000 	C:\Windows\system32\rsaenh.dll
0x000007fefdaa0000 - 0x000007fefdabe000 	C:\Windows\system32\USERENV.dll
0x000007fefd950000 - 0x000007fefd95f000 	C:\Windows\system32\profapi.dll
0x000000005beb0000 - 0x000000005beef000 	C:\Program Files\Java\jdk1.7.0_40\jre\bin\fontmanager.dll
0x000000005b3f0000 - 0x000000005b431000 	C:\Program Files\Java\jdk1.7.0_40\jre\bin\t2k.dll
0x000000005b3c0000 - 0x000000005b3ea000 	C:\Program Files\Java\jdk1.7.0_40\jre\bin\dcpr.dll
0x000000005b380000 - 0x000000005b3b9000 	C:\Program Files\Java\jdk1.7.0_40\jre\bin\kcms.dll
0x000007fef9c90000 - 0x000007fef9d30000 	C:\Windows\WinSxS\amd64_microsoft.windows.common-controls_6595b64144ccf1df_5.82.7601.18201_none_a4d3b9377117c3df\comctl32.dll
0x000007fefdd00000 - 0x000007fefded7000 	C:\Windows\system32\SETUPAPI.dll
0x000007fefda10000 - 0x000007fefda46000 	C:\Windows\system32\CFGMGR32.dll
0x000007fefdac0000 - 0x000007fefdada000 	C:\Windows\system32\DEVOBJ.dll
0x000007feff680000 - 0x000007feff719000 	C:\Windows\system32\CLBCatQ.DLL
0x000007fefbc80000 - 0x000007fefbdac000 	C:\Windows\system32\propsys.dll
0x000007fefc9f0000 - 0x000007fefca1d000 	C:\Windows\system32\ntmarta.dll
0x000007feff8f0000 - 0x000007feff942000 	C:\Windows\system32\WLDAP32.dll
0x000007fefd740000 - 0x000007fefd797000 	C:\Windows\system32\apphelp.dll
0x000007feec2d0000 - 0x000007feec46c000 	C:\Windows\system32\NetworkExplorer.dll
0x000007fef5040000 - 0x000007fef5074000 	C:\Windows\System32\shdocvw.dll
0x000007fefb740000 - 0x000007fefb74b000 	C:\Windows\system32\slc.dll
0x000007fefb9a0000 - 0x000007fefbb01000 	C:\Windows\system32\WindowsCodecs.dll
0x0000000072880000 - 0x0000000072896000 	C:\Program Files\Common Files\TortoiseOverlays\TortoiseOverlays.dll
0x0000000072860000 - 0x0000000072877000 	C:\Program Files\TortoiseSVN\bin\TortoiseStub.dll
0x00000000727e0000 - 0x000000007285c000 	C:\Program Files\TortoiseSVN\bin\TortoiseSVN.dll
0x000007feff150000 - 0x000007feff37d000 	C:\Windows\system32\WININET.dll
0x000007fefdc80000 - 0x000007fefdc84000 	C:\Windows\system32\api-ms-win-downlevel-user32-l1-1-0.dll
0x000007fefdaf0000 - 0x000007fefdaf5000 	C:\Windows\system32\api-ms-win-downlevel-advapi32-l1-1-0.dll
0x000007fefdb00000 - 0x000007fefdb04000 	C:\Windows\system32\api-ms-win-downlevel-shlwapi-l1-1-0.dll
0x000007fefda50000 - 0x000007fefda54000 	C:\Windows\system32\api-ms-win-downlevel-version-l1-1-0.dll
0x000007fefca20000 - 0x000007fefca2c000 	C:\Windows\system32\version.DLL
0x000007fefdae0000 - 0x000007fefdae3000 	C:\Windows\system32\api-ms-win-downlevel-normaliz-l1-1-0.dll
0x0000000077cd0000 - 0x0000000077cd3000 	C:\Windows\system32\normaliz.DLL
0x000007feffb60000 - 0x000007feffdee000 	C:\Windows\system32\iertutil.dll
0x000007fef52f0000 - 0x000007fef575a000 	C:\Program Files\TortoiseSVN\bin\libsvn_tsvn.dll
0x00000000727b0000 - 0x00000000727dd000 	C:\Program Files\TortoiseSVN\bin\libapr_tsvn.dll
0x000007fef5b80000 - 0x000007fef5c54000 	C:\Windows\system32\MSVCR110.dll
0x0000000072760000 - 0x00000000727a5000 	C:\Program Files\TortoiseSVN\bin\libaprutil_tsvn.dll
0x000007fef5e90000 - 0x000007fef5ea1000 	C:\Program Files\TortoiseSVN\bin\intl3_tsvn.dll
0x000007fef5b60000 - 0x000007fef5b79000 	C:\Program Files\TortoiseSVN\bin\libsasl.dll
0x000007fefd480000 - 0x000007fefd48b000 	C:\Windows\system32\Secur32.dll
0x000007fefd710000 - 0x000007fefd735000 	C:\Windows\system32\SSPICLI.DLL
0x000007fefdb10000 - 0x000007fefdc7c000 	C:\Windows\system32\CRYPT32.dll
0x000007fefd940000 - 0x000007fefd94f000 	C:\Windows\system32\MSASN1.dll
0x000007fef5240000 - 0x000007fef52e7000 	C:\Windows\system32\MSVCP110.dll
0x0000000072740000 - 0x000000007275b000 	C:\Program Files\TortoiseGit\bin\TortoiseGitStub.dll
0x00000000726b0000 - 0x000000007273d000 	C:\Program Files\TortoiseGit\bin\TortoiseGit.dll
0x000007fef5170000 - 0x000007fef5234000 	C:\Program Files\TortoiseGit\bin\libgit2_tgit.dll
0x000007fef5b40000 - 0x000007fef5b58000 	C:\Program Files\TortoiseGit\bin\zlib1_tgit.dll
0x000007fef5080000 - 0x000007fef516f000 	C:\Windows\system32\MSVCR120.dll
0x000007fefa910000 - 0x000007fefa981000 	C:\Windows\system32\WINHTTP.dll
0x000007fefa8a0000 - 0x000007fefa904000 	C:\Windows\system32\webio.dll
0x000007fef4180000 - 0x000007fef43be000 	C:\Program Files\TortoiseGit\bin\gitdll.dll
0x000007fef40d0000 - 0x000007fef4176000 	C:\Windows\system32\MSVCP120.dll
0x000007fef5b00000 - 0x000007fef5b35000 	C:\Windows\system32\EhStorShell.dll
0x000007fef3a60000 - 0x000007fef40cf000 	C:\PROGRA~1\MICROS~2\Office14\GROOVEEX.DLL
0x0000000072420000 - 0x00000000724bd000 	C:\Windows\WinSxS\amd64_microsoft.vc90.crt_1fc8b3b9a1e18e3b_9.0.30729.4940_none_08e4299fa83d7e3c\MSVCR90.dll
0x0000000072330000 - 0x0000000072403000 	C:\Windows\WinSxS\amd64_microsoft.vc90.crt_1fc8b3b9a1e18e3b_9.0.30729.4940_none_08e4299fa83d7e3c\MSVCP90.dll
0x0000000072300000 - 0x000000007232f000 	C:\Windows\WinSxS\amd64_microsoft.vc90.atl_1fc8b3b9a1e18e3b_9.0.30729.4148_none_0a1d2fcba76b3f00\ATL90.DLL
0x000007fef3640000 - 0x000007fef3a5a000 	C:\PROGRA~1\COMMON~1\MICROS~1\OFFICE14\Cultures\office.odf
0x000007fef2dd0000 - 0x000007fef3635000 	C:\PROGRA~1\MICROS~2\Office14\1033\GrooveIntlResource.dll
0x000007fef9d60000 - 0x000007fef9d78000 	C:\Windows\system32\MPR.dll
0x000007fef6450000 - 0x000007fef645a000 	C:\Windows\System32\drprov.dll
0x000007fefd7a0000 - 0x000007fefd7dd000 	C:\Windows\System32\WINSTA.dll
0x000007fef62b0000 - 0x000007fef62d2000 	C:\Windows\System32\ntlanman.dll
0x000007fef6290000 - 0x000007fef62ad000 	C:\Windows\System32\davclnt.dll
0x000007fef6280000 - 0x000007fef628a000 	C:\Windows\System32\DAVHLPR.dll
0x000007fefb370000 - 0x000007fefb385000 	C:\Windows\system32\wkscli.dll
0x000007fefa1a0000 - 0x000007fefa1af000 	C:\Windows\system32\cscapi.dll
0x000007fefcd70000 - 0x000007fefcd7c000 	C:\Windows\system32\netutils.dll
0x000007feebe20000 - 0x000007feec091000 	C:\Windows\system32\wpdshext.dll
0x000007fefc000000 - 0x000007fefc216000 	C:\Windows\WinSxS\amd64_microsoft.windows.gdiplus_6595b64144ccf1df_1.1.7601.18455_none_2b283fd671e9bf4d\gdiplus.dll
0x000007fef8040000 - 0x000007fef80fd000 	C:\Windows\system32\PortableDeviceApi.dll
0x000007fefda60000 - 0x000007fefda9a000 	C:\Windows\system32\WINTRUST.dll
0x000007fef8270000 - 0x000007fef8297000 	C:\Windows\system32\EhStorAPI.dll
0x000007fef5e40000 - 0x000007fef5e4c000 	C:\Windows\system32\LINKINFO.dll
0x00000000637c0000 - 0x00000000637cd000 	C:\Users\anma8806\AppData\Local\Temp\jogamp_0000\file_cache\jln7037709954832631163\jln4221790130598552185\gluegen-rt.dll
0x000000005c830000 - 0x000000005c837000 	C:\Program Files\Java\jdk1.7.0_40\jre\bin\jawt.dll
0x000000006a440000 - 0x000000006a44d000 	C:\Users\anma8806\AppData\Local\Temp\jogamp_0000\file_cache\jln7037709954832631163\jln4221790130598552185\nativewindow_awt.dll

VM Arguments:
jvm_args: -agentlib:jdwp=transport=dt_socket,suspend=y,address=localhost:56475 -Dfile.encoding=UTF-8 
java_command: org.openstreetmap.josm.gui.MainApplication
Launcher Type: SUN_STANDARD

Environment Variables:
JAVA_HOME=C:\Program Files\Java\jdk1.6.0_38
PATH=C:\Program Files\Java\jdk1.7.0_40\jre\bin;C:\ProgramData\Oracle\Java\javapath;C:\Windows\system32;C:\Windows;C:\Windows\System32\Wbem;C:\Windows\System32\WindowsPowerShell\v1.0\;C:\Program Files (x86)\Microsoft SQL Server\100\Tools\Binn\;C:\Program Files\Microsoft SQL Server\100\Tools\Binn\;C:\Program Files\Microsoft SQL Server\100\DTS\Binn\;C:\Program Files\TortoiseSVN\bin;C:\Program Files\Java\jdk1.6.0_38;C:\Program Files\apache-maven-3.1.1-bin\apache-maven-3.1.1\bin;C:\Program Files\Java\apache-ant-1.9.3\bin;C:\Program Files (x86)\Git\cmd;C:\Program Files (x86)\Git\bin;C:\Program Files\TortoiseGit\bin
USERNAME=anma8806
OS=Windows_NT
PROCESSOR_IDENTIFIER=Intel64 Family 6 Model 58 Stepping 9, GenuineIntel



---------------  S Y S T E M  ---------------

OS: Windows 7 , 64 bit Build 7601 Service Pack 1

CPU:total 8 (4 cores per cpu, 2 threads per core) family 6 model 58 stepping 9, cmov, cx8, fxsr, mmx, sse, sse2, sse3, ssse3, sse4.1, sse4.2, popcnt, avx, aes, erms, ht, tsc, tscinvbit, tscinv

Memory: 4k page, physical 16568140k(12168472k free), swap 33134416k(27904284k free)

vm_info: Java HotSpot(TM) 64-Bit Server VM (24.0-b56) for windows-amd64 JRE (1.7.0_40-b43), built on Aug 26 2013 22:38:32 by "java_re" with unknown MS VC++:1600

time: Thu Feb 05 12:28:43 2015
elapsed time: 543 seconds

